[EDGE] 14:40:15.427  rising  0x9246cbab  0->2
  slot=P1C1 base=0x9246b9c0  HP=43200/48000  Red=48000  HP%10=YES
  watch-row (0x9246cba0):
    9246CBA0: 00 00 00 00 00 00 00 00 00 00 00 02 00 00 00 00
    9246CBB0: 00 00 00 00 00 00 00 00 FF FF FF FF 00 00 00 00
  [DIFF] total_changes=15  slabs=1  top=+0x0(15)
    [SLAB +0x0] changed=15
      +0x0002  80->00
      +0x002A  BB->A8
      +0x002B  80->C0
      +0x0065  01->00
      +0x0066  01->00
      +0x00F2  AE->84
      +0x00F3  73->2A
      +0x00F5  39->3D
      +0x00F6  27->06
      +0x00F7  60->58
      +0x01D9  19->9F
      +0x021E  00->01
      +0x021F  98->3D
      +0x0222  00->01
      +0x0223  98->3C

[EDGE] 14:40:24.206  rising  0x9246cbab  0->1
  slot=P1C1 base=0x9246b9c0  HP=43200/48000  Red=48000  HP%10=YES
  watch-row (0x9246cba0):
    9246CBA0: 00 00 00 00 00 00 00 00 00 00 00 02 00 00 00 00
    9246CBB0: 00 00 00 00 00 00 00 00 FF FF FF FF 00 00 00 00
  [DIFF] total_changes=14  slabs=1  top=+0x0(14)
    [SLAB +0x0] changed=14
      +0x0002  00->80
      +0x00F1  FB->FC
      +0x00F2  84->1F
      +0x00F3  2A->7B
      +0x00F5  3D->0D
      +0x00F6  06->1F
      +0x00F7  58->28
      +0x01D8  43->44
      +0x01D9  9F->07
      +0x01DA  00->80
      +0x021E  01->02
      +0x021F  3D->1D
      +0x0222  01->02
      +0x0223  3C->1D

[EDGE] 14:40:33.347  rising  0x9246cbab  0->1
  slot=P1C1 base=0x9246b9c0  HP=43200/48000  Red=48000  HP%10=YES
  watch-row (0x9246cba0):
    9246CBA0: 00 00 00 00 00 00 00 00 00 00 00 01 00 00 00 00
    9246CBB0: 00 00 00 00 00 00 00 00 FF FF FF FF 00 00 00 00
  [DIFF] total_changes=11  slabs=1  top=+0x0(11)
    [SLAB +0x0] changed=11
      +0x00F1  FC->FB
      +0x00F2  1F->88
      +0x00F3  7B->92
      +0x00F5  0D->32
      +0x00F6  1F->7D
      +0x00F7  28->08
      +0x01D9  07->41
      +0x021E  02->03
      +0x021F  1D->05
      +0x0222  02->03
      +0x0223  1D->05

[EDGE] 14:40:37.629  rising  0x9246cbab  0->1
  slot=P1C1 base=0x9246b9c0  HP=43200/48000  Red=48000  HP%10=YES
  watch-row (0x9246cba0):
    9246CBA0: 00 00 00 00 00 00 00 00 00 00 01 01 00 00 00 00
    9246CBB0: 00 00 00 00 00 00 00 00 FF FF FF FF 00 00 00 00
  [DIFF] total_changes=12  slabs=1  top=+0x0(12)
    [SLAB +0x0] changed=12
      +0x0032  00->01
      +0x0033  00->F4
      +0x003B  00->01
      +0x00F2  88->C0
      +0x00F3  92->06
      +0x00F5  32->39
      +0x00F6  7D->CD
      +0x00F7  08->38
      +0x01D9  41->80
      +0x01DA  80->C0
      +0x021E  03->04
      +0x0222  03->04

[EDGE] 14:40:42.439  rising  0x9246cbab  0->1
  slot=P1C1 base=0x9246b9c0  HP=43200/48000  Red=48000  HP%10=YES
  watch-row (0x9246cba0):
    9246CBA0: 00 00 00 00 00 00 00 00 00 00 00 01 00 00 00 00
    9246CBB0: 00 00 00 00 00 00 00 00 FF FF FF FF 00 00 00 00
  [DIFF] total_changes=12  slabs=1  top=+0x0(12)
    [SLAB +0x0] changed=12
      +0x0032  01->00
      +0x0033  F4->00
      +0x003B  01->00
      +0x00F2  C0->9D
      +0x00F3  06->B4
      +0x00F5  39->3C
      +0x00F6  CD->8C
      +0x00F7  38->00
      +0x01D9  80->96
      +0x01DA  C0->00
      +0x021F  05->AF
      +0x0223  05->AF

[EDGE] 14:40:47.002  rising  0x9246cbab  0->1
  slot=P1C1 base=0x9246b9c0  HP=38400/48000  Red=48000  HP%10=YES
  watch-row (0x9246cba0):
    9246CBA0: 00 00 00 00 00 00 00 00 00 00 00 01 00 00 00 00
    9246CBB0: 00 00 00 00 00 00 00 00 FF FF FF FF 00 00 00 00
  [DIFF] total_changes=13  slabs=1  top=+0x0(13)
    [SLAB +0x0] changed=13
      +0x002A  A8->96
      +0x002B  C0->00
      +0x00F2  9D->87
      +0x00F3  B4->27
      +0x00F5  3C->28
      +0x00F6  8C->DE
      +0x00F7  00->48
      +0x01D9  96->A6
      +0x01DA  00->80
      +0x021E  04->05
      +0x021F  AF->33
      +0x0222  04->05
      +0x0223  AF->33

[EDGE] 14:40:52.819  rising  0x9246cbab  0->1
  slot=P1C1 base=0x9246b9c0  HP=43200/48000  Red=48000  HP%10=YES
  watch-row (0x9246cba0):
    9246CBA0: 00 00 00 00 00 00 00 00 00 00 00 01 00 00 00 00
    9246CBB0: 00 00 00 00 00 00 00 00 FF FF FF FF 00 00 00 00
  [DIFF] total_changes=11  slabs=1  top=+0x0(11)
    [SLAB +0x0] changed=11
      +0x002A  96->A8
      +0x002B  00->C0
      +0x00F2  87->92
      +0x00F3  27->B3
      +0x00F5  28->3A
      +0x00F6  DE->2A
      +0x00F7  48->68
      +0x01D9  A6->B5
      +0x01DA  80->40
      +0x021F  33->A9
      +0x0223  33->A9

[EDGE] 14:40:56.429  rising  0x9246cbab  0->1
  slot=P1C1 base=0x9246b9c0  HP=43200/48000  Red=48000  HP%10=YES
  watch-row (0x9246cba0):
    9246CBA0: 00 00 00 00 00 00 00 00 00 00 00 01 00 00 00 00
    9246CBB0: 00 00 00 00 00 00 00 00 FF FF FF FF 00 00 00 00
  [DIFF] total_changes=11  slabs=1  top=+0x0(11)
    [SLAB +0x0] changed=11
      +0x00F2  92->FF
      +0x00F3  B3->CF
      +0x00F5  3A->14
      +0x00F6  2A->5E
      +0x00F7  68->E0
      +0x01D9  B5->C1
      +0x01DA  40->60
      +0x021E  05->06
      +0x021F  A9->0A
      +0x0222  05->06
      +0x0223  A9->0A

[EDGE] 14:41:01.269  rising  0x9246cbab  0->1
  slot=P1C1 base=0x9246b9c0  HP=19200/48000  Red=48000  HP%10=YES
  watch-row (0x9246cba0):
    9246CBA0: 00 00 00 00 00 00 00 00 00 00 00 01 00 00 00 00
    9246CBB0: 00 00 00 00 00 00 00 00 FF FF FF FF 00 00 00 00
  [DIFF] total_changes=11  slabs=1  top=+0x0(11)
    [SLAB +0x0] changed=11
      +0x002A  A8->4B
      +0x002B  C0->00
      +0x00F2  FF->BE
      +0x00F3  CF->9D
      +0x00F5  14->3D
      +0x00F6  5E->C5
      +0x00F7  E0->10
      +0x01D9  C1->CA
      +0x01DA  60->A0
      +0x021F  0A->54
      +0x0223  0A->54

